<?xml version="1.0" encoding="UTF-8"?>
<!-- Generated by org.testng.reporters.JUnitReportReporter -->
<testsuite skipped="0" hostname="LAPTOP-O8M1EVF4" name="com.TestNG_Features.Parameters_B" tests="1" failures="0" timestamp="2021-11-25T00:02:46 IST" time="0.001" errors="0">
  <testcase name="runthisclass_First" time="0.001" classname="com.TestNG_Features.Parameters_B"/>
  <system-out/>
</testsuite> <!-- com.TestNG_Features.Parameters_B -->
