<?xml version="1.0" encoding="UTF-8"?>
<!-- Generated by org.testng.reporters.JUnitReportReporter -->
<testsuite skipped="0" hostname="LAPTOP-O8M1EVF4" name="com.TestNG_Features.Simple_Annotation" tests="2" failures="0" timestamp="2021-11-22T18:21:31 IST" time="0.006" errors="0">
  <testcase name="getSetProperty" time="0.005" classname="com.TestNG_Features.Simple_Annotation"/>
  <system-out/>
  <testcase name="getLanuchBrowser" time="0.001" classname="com.TestNG_Features.Simple_Annotation"/>
  <system-out/>
</testsuite> <!-- com.TestNG_Features.Simple_Annotation -->
