<?xml version="1.0" encoding="UTF-8"?>
<!-- Generated by org.testng.reporters.JUnitReportReporter -->
<testsuite skipped="0" hostname="LAPTOP-O8M1EVF4" name="com.TestNG_Features.NewTest" tests="1" failures="0" timestamp="2021-11-22T19:37:18 IST" time="0.008" errors="0">
  <testcase name="method" time="0.008" classname="com.TestNG_Features.NewTest"/>
  <system-out/>
</testsuite> <!-- com.TestNG_Features.NewTest -->
