<?xml version="1.0" encoding="UTF-8"?>
<!-- Generated by org.testng.reporters.JUnitReportReporter -->
<testsuite skipped="0" hostname="LAPTOP-O8M1EVF4" name="com.TestNG_Features.Parameters_A" tests="2" failures="0" timestamp="2021-11-28T19:19:50 IST" time="0.006" errors="0">
  <testcase name="user_password" time="0.005" classname="com.TestNG_Features.Parameters_A"/>
  <system-out/>
  <testcase name="user_Credential" time="0.001" classname="com.TestNG_Features.Parameters_A"/>
  <system-out/>
</testsuite> <!-- com.TestNG_Features.Parameters_A -->
