<?xml version="1.0" encoding="UTF-8"?>
<!-- Generated by org.testng.reporters.JUnitReportReporter -->
<testsuite skipped="0" hostname="LAPTOP-O8M1EVF4" name="com.TestNG.Simple_AnnotationTest" tests="1" failures="0" timestamp="2021-11-22T13:13:09 IST" time="0.012" errors="0">
  <testcase name="method" time="0.012" classname="com.TestNG.Simple_AnnotationTest"/>
  <system-out/>
</testsuite> <!-- com.TestNG.Simple_AnnotationTest -->
