<?xml version="1.0" encoding="UTF-8"?>
<!-- Generated by org.testng.reporters.JUnitReportReporter -->
<testsuite skipped="0" hostname="LAPTOP-O8M1EVF4" name="com.Maven_First.Test_Runner" tests="6" failures="0" timestamp="2021-11-23T17:44:00 IST" time="13.289" errors="0">
  <testcase name="chrome_Lanuch" time="4.119" classname="com.Maven_First.Test_Runner"/>
  <system-out/>
  <testcase name="Login_Credentional" time="0.819" classname="com.Maven_First.Test_Runner"/>
  <system-out/>
  <testcase name="home_Page" time="1.193" classname="com.Maven_First.Test_Runner"/>
  <system-out/>
  <testcase name="user_Detatils" time="0.513" classname="com.Maven_First.Test_Runner"/>
  <system-out/>
  <testcase name="hotel_Booking" time="6.416" classname="com.Maven_First.Test_Runner"/>
  <system-out/>
  <testcase name="log_off" time="0.229" classname="com.Maven_First.Test_Runner"/>
  <system-out/>
</testsuite> <!-- com.Maven_First.Test_Runner -->
